<?xml version="1.0" encoding="utf-8"?><testsuites><testsuite name="pytest" errors="0" failures="0" skipped="0" tests="3" time="0.321" timestamp="2025-09-24T19:44:35.514760" hostname="vivobook"><testcase classname="examples_rclpy_executors.executors.test.test_copyright" name="test_copyright" time="0.145" /><testcase classname="examples_rclpy_executors.executors.test.test_flake8" name="test_flake8" time="0.083" /><testcase classname="examples_rclpy_executors.executors.test.test_pep257" name="test_pep257" time="0.036" /></testsuite></testsuites>